{"level":"info","message":"Logger initialized","timestamp":"2025-01-21T13:54:14.934Z"}
{"level":"info","message":"MongoDB Connected: journey-shard-00-00.ir5vs.mongodb.net","timestamp":"2025-01-21T13:54:16.090Z"}
{"level":"info","message":"Connected to MongoDB","timestamp":"2025-01-21T13:54:16.094Z"}
{"level":"info","message":"Server is running on port 3000","timestamp":"2025-01-21T13:54:16.100Z"}
{"level":"info","message":"Logger initialized","timestamp":"2025-01-21T13:55:39.396Z"}
{"level":"info","message":"MongoDB Connected: journey-shard-00-02.ir5vs.mongodb.net","timestamp":"2025-01-21T13:55:39.937Z"}
{"level":"info","message":"Connected to MongoDB","timestamp":"2025-01-21T13:55:39.939Z"}
{"level":"info","message":"Server is running on port 3000","timestamp":"2025-01-21T13:55:39.943Z"}
{"level":"info","message":"Logger initialized","timestamp":"2025-01-21T13:58:05.922Z"}
{"level":"info","message":"Starting application...","timestamp":"2025-01-21T13:58:05.937Z"}
{"level":"info","message":"MongoDB Connected: journey-shard-00-00.ir5vs.mongodb.net","timestamp":"2025-01-21T13:58:06.504Z"}
{"level":"info","message":"Connected to MongoDB","timestamp":"2025-01-21T13:58:06.505Z"}
{"level":"info","message":"Server is running on port 3000","timestamp":"2025-01-21T13:58:06.508Z"}
{"level":"info","message":"Shutting down server","timestamp":"2025-01-21T14:03:44.595Z"}
{"level":"info","message":"Logger initialized","timestamp":"2025-01-22T12:14:48.305Z"}
{"level":"info","message":"Starting application...","timestamp":"2025-01-22T12:14:53.193Z"}
{"level":"info","message":"Logger initialized","timestamp":"2025-01-22T12:14:57.591Z"}
{"level":"info","message":"Starting application...","timestamp":"2025-01-22T12:14:59.323Z"}
{"level":"info","message":"MongoDB Connected: journey-shard-00-01.ir5vs.mongodb.net","timestamp":"2025-01-22T12:14:59.713Z"}
{"level":"info","message":"Connected to MongoDB","timestamp":"2025-01-22T12:14:59.713Z"}
{"level":"info","message":"Server is running on port 3000","timestamp":"2025-01-22T12:14:59.717Z"}
{"level":"info","message":"Logger initialized","timestamp":"2025-01-22T16:33:34.346Z"}
{"level":"info","message":"Starting application...","timestamp":"2025-01-22T16:33:41.271Z"}
{"level":"info","message":"MongoDB Connected: journey-shard-00-00.ir5vs.mongodb.net","timestamp":"2025-01-22T16:33:44.911Z"}
{"level":"info","message":"Connected to MongoDB","timestamp":"2025-01-22T16:33:44.917Z"}
{"level":"info","message":"Server is running on port 3000","timestamp":"2025-01-22T16:33:44.929Z"}
{"level":"info","message":"Token generated successfully.","timestamp":"2025-01-22T16:33:53.274Z"}
{"level":"error","message":"Error: Failed to send email\n    at sendEmail (file:///C:/Users/RishavKumarJha/Desktop/my-backend/journey/journey/user-service/src/services/emailServices.js:36:11)\n    at process.processTicksAndRejections (node:internal/process/task_queues:95:5)\n    at async resetPasswordService (file:///C:/Users/RishavKumarJha/Desktop/my-backend/journey/journey/user-service/src/services/authServices.js:89:3)\n    at async resetPassword (file:///C:/Users/RishavKumarJha/Desktop/my-backend/journey/journey/user-service/src/controllers/authController.js:123:22)","timestamp":"2025-01-22T16:33:55.417Z"}
{"level":"info","message":"Logger initialized","timestamp":"2025-01-22T16:42:22.760Z"}
{"level":"info","message":"Starting application...","timestamp":"2025-01-22T16:42:28.175Z"}
{"level":"info","message":"MongoDB Connected: journey-shard-00-00.ir5vs.mongodb.net","timestamp":"2025-01-22T16:42:30.031Z"}
{"level":"info","message":"Connected to MongoDB","timestamp":"2025-01-22T16:42:30.045Z"}
{"level":"info","message":"Server is running on port 3000","timestamp":"2025-01-22T16:42:30.050Z"}
{"level":"info","message":"Token generated successfully.","timestamp":"2025-01-22T16:42:54.415Z"}
{"level":"error","message":"Error: Failed to send email\n    at sendEmail (file:///C:/Users/RishavKumarJha/Desktop/my-backend/journey/journey/user-service/src/services/emailServices.js:39:11)\n    at process.processTicksAndRejections (node:internal/process/task_queues:95:5)\n    at async resetPasswordService (file:///C:/Users/RishavKumarJha/Desktop/my-backend/journey/journey/user-service/src/services/authServices.js:89:3)\n    at async resetPassword (file:///C:/Users/RishavKumarJha/Desktop/my-backend/journey/journey/user-service/src/controllers/authController.js:123:22)","timestamp":"2025-01-22T16:42:56.191Z"}
{"level":"info","message":"Logger initialized","timestamp":"2025-01-22T16:44:49.705Z"}
{"level":"info","message":"Starting application...","timestamp":"2025-01-22T16:44:51.979Z"}
{"level":"info","message":"Logger initialized","timestamp":"2025-01-22T16:45:04.375Z"}
{"level":"info","message":"Starting application...","timestamp":"2025-01-22T16:45:06.280Z"}
{"level":"info","message":"MongoDB Connected: journey-shard-00-00.ir5vs.mongodb.net","timestamp":"2025-01-22T16:45:07.901Z"}
{"level":"info","message":"Connected to MongoDB","timestamp":"2025-01-22T16:45:07.903Z"}
{"level":"info","message":"Server is running on port 3000","timestamp":"2025-01-22T16:45:07.909Z"}
{"level":"info","message":"Token generated successfully.","timestamp":"2025-01-22T16:45:17.883Z"}
{"level":"warn","message":"MongoDB connection disconnected","timestamp":"2025-01-23T04:25:01.785Z"}
{"level":"info","message":"Mongoose connected to MongoDB","timestamp":"2025-01-23T04:25:01.814Z"}
{"level":"info","message":"Logger initialized","timestamp":"2025-01-23T04:35:59.120Z"}
{"level":"info","message":"Starting application...","timestamp":"2025-01-23T04:36:04.473Z"}
{"level":"info","message":"MongoDB Connected: journey-shard-00-02.ir5vs.mongodb.net","timestamp":"2025-01-23T04:36:04.921Z"}
{"level":"info","message":"Connected to MongoDB","timestamp":"2025-01-23T04:36:04.922Z"}
{"level":"info","message":"Server is running on port 3000","timestamp":"2025-01-23T04:36:04.926Z"}
{"level":"info","message":"Logger initialized","timestamp":"2025-01-23T04:43:06.557Z"}
{"level":"info","message":"Starting application...","timestamp":"2025-01-23T04:43:08.292Z"}
{"level":"info","message":"MongoDB Connected: journey-shard-00-02.ir5vs.mongodb.net","timestamp":"2025-01-23T04:43:08.709Z"}
{"level":"info","message":"Connected to MongoDB","timestamp":"2025-01-23T04:43:08.711Z"}
{"level":"info","message":"Server is running on port 3000","timestamp":"2025-01-23T04:43:08.715Z"}
{"level":"info","message":"Logger initialized","timestamp":"2025-01-23T04:43:35.430Z"}
{"level":"info","message":"Starting application...","timestamp":"2025-01-23T04:43:37.183Z"}
{"level":"info","message":"MongoDB Connected: journey-shard-00-00.ir5vs.mongodb.net","timestamp":"2025-01-23T04:43:37.654Z"}
{"level":"info","message":"Connected to MongoDB","timestamp":"2025-01-23T04:43:37.655Z"}
{"level":"info","message":"Server is running on port 3000","timestamp":"2025-01-23T04:43:37.659Z"}
{"level":"error","message":"ReferenceError: verifyToken is not defined\n    at verifyEmailService (file:///C:/Users/RishavKumarJha/Desktop/my-backend/journey/journey/user-service/src/services/authServices.js:118:22)\n    at verifyEmail (file:///C:/Users/RishavKumarJha/Desktop/my-backend/journey/journey/user-service/src/controllers/authController.js:139:28)\n    at Layer.handle [as handle_request] (C:\\Users\\RishavKumarJha\\Desktop\\my-backend\\journey\\journey\\user-service\\node_modules\\express\\lib\\router\\layer.js:95:5)\n    at next (C:\\Users\\RishavKumarJha\\Desktop\\my-backend\\journey\\journey\\user-service\\node_modules\\express\\lib\\router\\route.js:149:13)\n    at Route.dispatch (C:\\Users\\RishavKumarJha\\Desktop\\my-backend\\journey\\journey\\user-service\\node_modules\\express\\lib\\router\\route.js:119:3)\n    at Layer.handle [as handle_request] (C:\\Users\\RishavKumarJha\\Desktop\\my-backend\\journey\\journey\\user-service\\node_modules\\express\\lib\\router\\layer.js:95:5)\n    at C:\\Users\\RishavKumarJha\\Desktop\\my-backend\\journey\\journey\\user-service\\node_modules\\express\\lib\\router\\index.js:284:15\n    at param (C:\\Users\\RishavKumarJha\\Desktop\\my-backend\\journey\\journey\\user-service\\node_modules\\express\\lib\\router\\index.js:365:14)\n    at param (C:\\Users\\RishavKumarJha\\Desktop\\my-backend\\journey\\journey\\user-service\\node_modules\\express\\lib\\router\\index.js:376:14)\n    at Function.process_params (C:\\Users\\RishavKumarJha\\Desktop\\my-backend\\journey\\journey\\user-service\\node_modules\\express\\lib\\router\\index.js:421:3)","timestamp":"2025-01-23T04:44:05.167Z"}
{"level":"error","message":"ReferenceError: verifyToken is not defined\n    at verifyEmailService (file:///C:/Users/RishavKumarJha/Desktop/my-backend/journey/journey/user-service/src/services/authServices.js:118:22)\n    at verifyEmail (file:///C:/Users/RishavKumarJha/Desktop/my-backend/journey/journey/user-service/src/controllers/authController.js:139:28)\n    at Layer.handle [as handle_request] (C:\\Users\\RishavKumarJha\\Desktop\\my-backend\\journey\\journey\\user-service\\node_modules\\express\\lib\\router\\layer.js:95:5)\n    at next (C:\\Users\\RishavKumarJha\\Desktop\\my-backend\\journey\\journey\\user-service\\node_modules\\express\\lib\\router\\route.js:149:13)\n    at Route.dispatch (C:\\Users\\RishavKumarJha\\Desktop\\my-backend\\journey\\journey\\user-service\\node_modules\\express\\lib\\router\\route.js:119:3)\n    at Layer.handle [as handle_request] (C:\\Users\\RishavKumarJha\\Desktop\\my-backend\\journey\\journey\\user-service\\node_modules\\express\\lib\\router\\layer.js:95:5)\n    at C:\\Users\\RishavKumarJha\\Desktop\\my-backend\\journey\\journey\\user-service\\node_modules\\express\\lib\\router\\index.js:284:15\n    at param (C:\\Users\\RishavKumarJha\\Desktop\\my-backend\\journey\\journey\\user-service\\node_modules\\express\\lib\\router\\index.js:365:14)\n    at param (C:\\Users\\RishavKumarJha\\Desktop\\my-backend\\journey\\journey\\user-service\\node_modules\\express\\lib\\router\\index.js:376:14)\n    at Function.process_params (C:\\Users\\RishavKumarJha\\Desktop\\my-backend\\journey\\journey\\user-service\\node_modules\\express\\lib\\router\\index.js:421:3)","timestamp":"2025-01-23T04:44:15.485Z"}
{"level":"error","message":"ReferenceError: verifyToken is not defined\n    at verifyEmailService (file:///C:/Users/RishavKumarJha/Desktop/my-backend/journey/journey/user-service/src/services/authServices.js:118:22)\n    at verifyEmail (file:///C:/Users/RishavKumarJha/Desktop/my-backend/journey/journey/user-service/src/controllers/authController.js:139:28)\n    at Layer.handle [as handle_request] (C:\\Users\\RishavKumarJha\\Desktop\\my-backend\\journey\\journey\\user-service\\node_modules\\express\\lib\\router\\layer.js:95:5)\n    at next (C:\\Users\\RishavKumarJha\\Desktop\\my-backend\\journey\\journey\\user-service\\node_modules\\express\\lib\\router\\route.js:149:13)\n    at Route.dispatch (C:\\Users\\RishavKumarJha\\Desktop\\my-backend\\journey\\journey\\user-service\\node_modules\\express\\lib\\router\\route.js:119:3)\n    at Layer.handle [as handle_request] (C:\\Users\\RishavKumarJha\\Desktop\\my-backend\\journey\\journey\\user-service\\node_modules\\express\\lib\\router\\layer.js:95:5)\n    at C:\\Users\\RishavKumarJha\\Desktop\\my-backend\\journey\\journey\\user-service\\node_modules\\express\\lib\\router\\index.js:284:15\n    at param (C:\\Users\\RishavKumarJha\\Desktop\\my-backend\\journey\\journey\\user-service\\node_modules\\express\\lib\\router\\index.js:365:14)\n    at param (C:\\Users\\RishavKumarJha\\Desktop\\my-backend\\journey\\journey\\user-service\\node_modules\\express\\lib\\router\\index.js:376:14)\n    at Function.process_params (C:\\Users\\RishavKumarJha\\Desktop\\my-backend\\journey\\journey\\user-service\\node_modules\\express\\lib\\router\\index.js:421:3)","timestamp":"2025-01-23T04:46:47.154Z"}
{"level":"info","message":"Logger initialized","timestamp":"2025-01-23T04:48:34.318Z"}
{"level":"info","message":"Starting application...","timestamp":"2025-01-23T04:48:39.267Z"}
{"level":"info","message":"MongoDB Connected: journey-shard-00-02.ir5vs.mongodb.net","timestamp":"2025-01-23T04:48:41.017Z"}
{"level":"info","message":"Connected to MongoDB","timestamp":"2025-01-23T04:48:41.018Z"}
{"level":"info","message":"Server is running on port 3000","timestamp":"2025-01-23T04:48:41.022Z"}
